<?xml version="1.0" encoding="UTF-8"?>
<!-- Generated by org.testng.reporters.JUnitReportReporter -->
<testsuite hostname="Meghas-MBP" failures="0" tests="1" name="com.qa.tests.GoogleTest" time="3.090" errors="1" timestamp="2021-11-10T09:05:29 EST" skipped="0">
  <testcase classname="com.qa.tests.GoogleTest" name="googleTitleTest" time="3.090">
    <error message="session not created: This version of ChromeDriver only supports Chrome version 90
Current browser version is 95.0.4638.69 with binary path /Applications/Google Chrome.app/Contents/MacOS/Google Chrome
Build info: version: &#039;3.141.59&#039;, revision: &#039;e82be7d358&#039;, time: &#039;2018-11-14T08:17:03&#039;
System info: host: &#039;Meghas-MBP&#039;, ip: &#039;2603:7000:c401:5fd5:0:0:0:d8e%en0&#039;, os.name: &#039;Mac OS X&#039;, os.arch: &#039;x86_64&#039;, os.version: &#039;10.16&#039;, java.version: &#039;15.0.1&#039;
Driver info: driver.version: ChromeDriver
remote stacktrace: 0   chromedriver 4                      0x000000010b19ecc9 chromedriver 4 + 2718921
1   chromedriver 4                      0x000000010b85b143 chromedriver 4 + 9781571
2   chromedriver 4                      0x000000010af30218 chromedriver 4 + 168472
3   chromedriver 4                      0x000000010af55d59 chromedriver 4 + 322905
4   chromedriver 4                      0x000000010af519bc chromedriver 4 + 305596
5   chromedriver 4                      0x000000010af4dfd1 chromedriver 4 + 290769
6   chromedriver 4                      0x000000010af85fb2 chromedriver 4 + 520114
7   chromedriver 4                      0x000000010af80ed3 chromedriver 4 + 499411
8   chromedriver 4                      0x000000010af57d9f chromedriver 4 + 331167
9   chromedriver 4                      0x000000010af5903d chromedriver 4 + 335933
10  chromedriver 4                      0x000000010b1695f9 chromedriver 4 + 2500089
11  chromedriver 4                      0x000000010b1778a5 chromedriver 4 + 2558117
12  chromedriver 4                      0x000000010b17880f chromedriver 4 + 2562063
13  chromedriver 4                      0x000000010b14d741 chromedriver 4 + 2385729
14  chromedriver 4                      0x000000010b178d1f chromedriver 4 + 2563359
15  chromedriver 4                      0x000000010b15ec3c chromedriver 4 + 2456636
16  chromedriver 4                      0x000000010b192398 chromedriver 4 + 2667416
17  chromedriver 4                      0x000000010b19255a chromedriver 4 + 2667866
18  chromedriver 4                      0x000000010b1a3d18 chromedriver 4 + 2739480
19  libsystem_pthread.dylib             0x00007fff204548fc _pthread_start + 224
20  libsystem_pthread.dylib             0x00007fff20450443 thread_start + 15
" type="org.openqa.selenium.SessionNotCreatedException">
      <![CDATA[org.openqa.selenium.SessionNotCreatedException: session not created: This version of ChromeDriver only supports Chrome version 90
Current browser version is 95.0.4638.69 with binary path /Applications/Google Chrome.app/Contents/MacOS/Google Chrome
Build info: version: '3.141.59', revision: 'e82be7d358', time: '2018-11-14T08:17:03'
System info: host: 'Meghas-MBP', ip: '2603:7000:c401:5fd5:0:0:0:d8e%en0', os.name: 'Mac OS X', os.arch: 'x86_64', os.version: '10.16', java.version: '15.0.1'
Driver info: driver.version: ChromeDriver
remote stacktrace: 0   chromedriver 4                      0x000000010b19ecc9 chromedriver 4 + 2718921
1   chromedriver 4                      0x000000010b85b143 chromedriver 4 + 9781571
2   chromedriver 4                      0x000000010af30218 chromedriver 4 + 168472
3   chromedriver 4                      0x000000010af55d59 chromedriver 4 + 322905
4   chromedriver 4                      0x000000010af519bc chromedriver 4 + 305596
5   chromedriver 4                      0x000000010af4dfd1 chromedriver 4 + 290769
6   chromedriver 4                      0x000000010af85fb2 chromedriver 4 + 520114
7   chromedriver 4                      0x000000010af80ed3 chromedriver 4 + 499411
8   chromedriver 4                      0x000000010af57d9f chromedriver 4 + 331167
9   chromedriver 4                      0x000000010af5903d chromedriver 4 + 335933
10  chromedriver 4                      0x000000010b1695f9 chromedriver 4 + 2500089
11  chromedriver 4                      0x000000010b1778a5 chromedriver 4 + 2558117
12  chromedriver 4                      0x000000010b17880f chromedriver 4 + 2562063
13  chromedriver 4                      0x000000010b14d741 chromedriver 4 + 2385729
14  chromedriver 4                      0x000000010b178d1f chromedriver 4 + 2563359
15  chromedriver 4                      0x000000010b15ec3c chromedriver 4 + 2456636
16  chromedriver 4                      0x000000010b192398 chromedriver 4 + 2667416
17  chromedriver 4                      0x000000010b19255a chromedriver 4 + 2667866
18  chromedriver 4                      0x000000010b1a3d18 chromedriver 4 + 2739480
19  libsystem_pthread.dylib             0x00007fff204548fc _pthread_start + 224
20  libsystem_pthread.dylib             0x00007fff20450443 thread_start + 15

at java.base/jdk.internal.reflect.NativeConstructorAccessorImpl.newInstance0(Native Method)
at java.base/jdk.internal.reflect.NativeConstructorAccessorImpl.newInstance(NativeConstructorAccessorImpl.java:64)
at java.base/jdk.internal.reflect.DelegatingConstructorAccessorImpl.newInstance(DelegatingConstructorAccessorImpl.java:45)
at java.base/java.lang.reflect.Constructor.newInstanceWithCaller(Constructor.java:500)
at java.base/java.lang.reflect.Constructor.newInstance(Constructor.java:481)
at org.openqa.selenium.remote.W3CHandshakeResponse.lambda$errorHandler$0(W3CHandshakeResponse.java:62)
at org.openqa.selenium.remote.HandshakeResponse.lambda$getResponseFunction$0(HandshakeResponse.java:30)
at org.openqa.selenium.remote.ProtocolHandshake.lambda$createSession$0(ProtocolHandshake.java:126)
at java.base/java.util.stream.ReferencePipeline$3$1.accept(ReferencePipeline.java:195)
at java.base/java.util.Spliterators$ArraySpliterator.tryAdvance(Spliterators.java:958)
at java.base/java.util.stream.ReferencePipeline.forEachWithCancel(ReferencePipeline.java:127)
at java.base/java.util.stream.AbstractPipeline.copyIntoWithCancel(AbstractPipeline.java:502)
at java.base/java.util.stream.AbstractPipeline.copyInto(AbstractPipeline.java:488)
at java.base/java.util.stream.AbstractPipeline.wrapAndCopyInto(AbstractPipeline.java:474)
at java.base/java.util.stream.FindOps$FindOp.evaluateSequential(FindOps.java:150)
at java.base/java.util.stream.AbstractPipeline.evaluate(AbstractPipeline.java:234)
at java.base/java.util.stream.ReferencePipeline.findFirst(ReferencePipeline.java:543)
at org.openqa.selenium.remote.ProtocolHandshake.createSession(ProtocolHandshake.java:128)
at org.openqa.selenium.remote.ProtocolHandshake.createSession(ProtocolHandshake.java:74)
at org.openqa.selenium.remote.HttpCommandExecutor.execute(HttpCommandExecutor.java:136)
at org.openqa.selenium.remote.service.DriverCommandExecutor.execute(DriverCommandExecutor.java:83)
at org.openqa.selenium.remote.RemoteWebDriver.execute(RemoteWebDriver.java:552)
at org.openqa.selenium.remote.RemoteWebDriver.startSession(RemoteWebDriver.java:213)
at org.openqa.selenium.remote.RemoteWebDriver.<init>(RemoteWebDriver.java:131)
at org.openqa.selenium.chrome.ChromeDriver.<init>(ChromeDriver.java:181)
at org.openqa.selenium.chrome.ChromeDriver.<init>(ChromeDriver.java:168)
at org.openqa.selenium.chrome.ChromeDriver.<init>(ChromeDriver.java:123)
at com.qa.tests.GoogleTest.googleTitleTest(GoogleTest.java:18)
at java.base/jdk.internal.reflect.NativeMethodAccessorImpl.invoke0(Native Method)
at java.base/jdk.internal.reflect.NativeMethodAccessorImpl.invoke(NativeMethodAccessorImpl.java:64)
at java.base/jdk.internal.reflect.DelegatingMethodAccessorImpl.invoke(DelegatingMethodAccessorImpl.java:43)
at java.base/java.lang.reflect.Method.invoke(Method.java:564)
at org.testng.internal.MethodInvocationHelper.invokeMethod(MethodInvocationHelper.java:133)
at org.testng.internal.TestInvoker.invokeMethod(TestInvoker.java:598)
at org.testng.internal.TestInvoker.invokeTestMethod(TestInvoker.java:173)
at org.testng.internal.MethodRunner.runInSequence(MethodRunner.java:46)
at org.testng.internal.TestInvoker$MethodInvocationAgent.invoke(TestInvoker.java:824)
at org.testng.internal.TestInvoker.invokeTestMethods(TestInvoker.java:146)
at org.testng.internal.TestMethodWorker.invokeTestMethods(TestMethodWorker.java:146)
at org.testng.internal.TestMethodWorker.run(TestMethodWorker.java:128)
at java.base/java.util.ArrayList.forEach(ArrayList.java:1511)
at org.testng.TestRunner.privateRun(TestRunner.java:794)
at org.testng.TestRunner.run(TestRunner.java:596)
at org.testng.SuiteRunner.runTest(SuiteRunner.java:377)
at org.testng.SuiteRunner.runSequentially(SuiteRunner.java:371)
at org.testng.SuiteRunner.privateRun(SuiteRunner.java:332)
at org.testng.SuiteRunner.run(SuiteRunner.java:276)
at org.testng.SuiteRunnerWorker.runSuite(SuiteRunnerWorker.java:53)
at org.testng.SuiteRunnerWorker.run(SuiteRunnerWorker.java:96)
at org.testng.TestNG.runSuitesSequentially(TestNG.java:1212)
at org.testng.TestNG.runSuitesLocally(TestNG.java:1134)
at org.testng.TestNG.runSuites(TestNG.java:1063)
at org.testng.TestNG.run(TestNG.java:1031)
at org.testng.remote.AbstractRemoteTestNG.run(AbstractRemoteTestNG.java:115)
at org.testng.remote.RemoteTestNG.initAndRun(RemoteTestNG.java:251)
at org.testng.remote.RemoteTestNG.main(RemoteTestNG.java:77)
]]>
    </error>
  </testcase> <!-- googleTitleTest -->
  <system-out/>
</testsuite> <!-- com.qa.tests.GoogleTest -->
